<?xml version="1.0" encoding="UTF-8"?>
<testsuite xmlns:xsi="http://www.w3.org/2001/XMLSchema-instance" xsi:noNamespaceSchemaLocation="https://maven.apache.org/surefire/maven-surefire-plugin/xsd/surefire-test-report-3.0.xsd" version="3.0" name="home.demoqa.tests.BookStoreTests" time="9.05" tests="1" errors="0" skipped="0" failures="0">
  <properties>
    <property name="java.specification.version" value="17"/>
    <property name="webdriver.chrome.driver" value="/Users/karinailchenko/.cache/selenium/chromedriver/mac-arm64/139.0.7258.154/chromedriver"/>
    <property name="sun.jnu.encoding" value="UTF-8"/>
    <property name="java.class.path" value="/Users/karinailchenko/QA/DemoqaPOM/target/test-classes:/Users/karinailchenko/QA/DemoqaPOM/target/classes:/Users/karinailchenko/.m2/repository/org/seleniumhq/selenium/selenium-java/4.35.0/selenium-java-4.35.0.jar:/Users/karinailchenko/.m2/repository/org/seleniumhq/selenium/selenium-api/4.35.0/selenium-api-4.35.0.jar:/Users/karinailchenko/.m2/repository/org/jspecify/jspecify/1.0.0/jspecify-1.0.0.jar:/Users/karinailchenko/.m2/repository/org/seleniumhq/selenium/selenium-chrome-driver/4.35.0/selenium-chrome-driver-4.35.0.jar:/Users/karinailchenko/.m2/repository/com/google/auto/service/auto-service-annotations/1.1.1/auto-service-annotations-1.1.1.jar:/Users/karinailchenko/.m2/repository/org/seleniumhq/selenium/selenium-chromium-driver/4.35.0/selenium-chromium-driver-4.35.0.jar:/Users/karinailchenko/.m2/repository/org/seleniumhq/selenium/selenium-json/4.35.0/selenium-json-4.35.0.jar:/Users/karinailchenko/.m2/repository/org/seleniumhq/selenium/selenium-manager/4.35.0/selenium-manager-4.35.0.jar:/Users/karinailchenko/.m2/repository/org/seleniumhq/selenium/selenium-devtools-v137/4.35.0/selenium-devtools-v137-4.35.0.jar:/Users/karinailchenko/.m2/repository/org/seleniumhq/selenium/selenium-devtools-v138/4.35.0/selenium-devtools-v138-4.35.0.jar:/Users/karinailchenko/.m2/repository/org/seleniumhq/selenium/selenium-devtools-v139/4.35.0/selenium-devtools-v139-4.35.0.jar:/Users/karinailchenko/.m2/repository/org/seleniumhq/selenium/selenium-edge-driver/4.35.0/selenium-edge-driver-4.35.0.jar:/Users/karinailchenko/.m2/repository/org/seleniumhq/selenium/selenium-firefox-driver/4.35.0/selenium-firefox-driver-4.35.0.jar:/Users/karinailchenko/.m2/repository/org/seleniumhq/selenium/selenium-http/4.35.0/selenium-http-4.35.0.jar:/Users/karinailchenko/.m2/repository/org/seleniumhq/selenium/selenium-ie-driver/4.35.0/selenium-ie-driver-4.35.0.jar:/Users/karinailchenko/.m2/repository/org/seleniumhq/selenium/selenium-remote-driver/4.35.0/selenium-remote-driver-4.35.0.jar:/Users/karinailchenko/.m2/repository/com/google/guava/guava/33.4.8-jre/guava-33.4.8-jre.jar:/Users/karinailchenko/.m2/repository/com/google/guava/failureaccess/1.0.3/failureaccess-1.0.3.jar:/Users/karinailchenko/.m2/repository/com/google/guava/listenablefuture/9999.0-empty-to-avoid-conflict-with-guava/listenablefuture-9999.0-empty-to-avoid-conflict-with-guava.jar:/Users/karinailchenko/.m2/repository/com/google/j2objc/j2objc-annotations/3.0.0/j2objc-annotations-3.0.0.jar:/Users/karinailchenko/.m2/repository/io/opentelemetry/opentelemetry-api/1.53.0/opentelemetry-api-1.53.0.jar:/Users/karinailchenko/.m2/repository/io/opentelemetry/opentelemetry-context/1.53.0/opentelemetry-context-1.53.0.jar:/Users/karinailchenko/.m2/repository/io/opentelemetry/opentelemetry-common/1.53.0/opentelemetry-common-1.53.0.jar:/Users/karinailchenko/.m2/repository/io/opentelemetry/opentelemetry-exporter-logging/1.53.0/opentelemetry-exporter-logging-1.53.0.jar:/Users/karinailchenko/.m2/repository/io/opentelemetry/opentelemetry-sdk-common/1.53.0/opentelemetry-sdk-common-1.53.0.jar:/Users/karinailchenko/.m2/repository/io/opentelemetry/opentelemetry-sdk-extension-autoconfigure-spi/1.53.0/opentelemetry-sdk-extension-autoconfigure-spi-1.53.0.jar:/Users/karinailchenko/.m2/repository/io/opentelemetry/opentelemetry-sdk-extension-autoconfigure/1.53.0/opentelemetry-sdk-extension-autoconfigure-1.53.0.jar:/Users/karinailchenko/.m2/repository/io/opentelemetry/opentelemetry-sdk-trace/1.53.0/opentelemetry-sdk-trace-1.53.0.jar:/Users/karinailchenko/.m2/repository/io/opentelemetry/opentelemetry-sdk/1.53.0/opentelemetry-sdk-1.53.0.jar:/Users/karinailchenko/.m2/repository/io/opentelemetry/opentelemetry-sdk-metrics/1.53.0/opentelemetry-sdk-metrics-1.53.0.jar:/Users/karinailchenko/.m2/repository/io/opentelemetry/opentelemetry-sdk-logs/1.53.0/opentelemetry-sdk-logs-1.53.0.jar:/Users/karinailchenko/.m2/repository/org/seleniumhq/selenium/selenium-os/4.35.0/selenium-os-4.35.0.jar:/Users/karinailchenko/.m2/repository/org/apache/commons/commons-exec/1.5.0/commons-exec-1.5.0.jar:/Users/karinailchenko/.m2/repository/org/seleniumhq/selenium/selenium-safari-driver/4.35.0/selenium-safari-driver-4.35.0.jar:/Users/karinailchenko/.m2/repository/org/seleniumhq/selenium/selenium-support/4.35.0/selenium-support-4.35.0.jar:/Users/karinailchenko/.m2/repository/org/junit/jupiter/junit-jupiter/5.13.4/junit-jupiter-5.13.4.jar:/Users/karinailchenko/.m2/repository/org/junit/jupiter/junit-jupiter-api/5.13.4/junit-jupiter-api-5.13.4.jar:/Users/karinailchenko/.m2/repository/org/opentest4j/opentest4j/1.3.0/opentest4j-1.3.0.jar:/Users/karinailchenko/.m2/repository/org/junit/platform/junit-platform-commons/1.13.4/junit-platform-commons-1.13.4.jar:/Users/karinailchenko/.m2/repository/org/apiguardian/apiguardian-api/1.1.2/apiguardian-api-1.1.2.jar:/Users/karinailchenko/.m2/repository/org/junit/jupiter/junit-jupiter-params/5.13.4/junit-jupiter-params-5.13.4.jar:/Users/karinailchenko/.m2/repository/org/junit/jupiter/junit-jupiter-engine/5.13.4/junit-jupiter-engine-5.13.4.jar:/Users/karinailchenko/.m2/repository/org/junit/platform/junit-platform-engine/1.13.4/junit-platform-engine-1.13.4.jar:/Users/karinailchenko/.m2/repository/io/github/bonigarcia/webdrivermanager/6.2.0/webdrivermanager-6.2.0.jar:/Users/karinailchenko/.m2/repository/org/slf4j/slf4j-api/2.0.17/slf4j-api-2.0.17.jar:/Users/karinailchenko/.m2/repository/com/google/code/gson/gson/2.13.1/gson-2.13.1.jar:/Users/karinailchenko/.m2/repository/com/google/errorprone/error_prone_annotations/2.38.0/error_prone_annotations-2.38.0.jar:/Users/karinailchenko/.m2/repository/com/github/docker-java/docker-java/3.5.3/docker-java-3.5.3.jar:/Users/karinailchenko/.m2/repository/com/github/docker-java/docker-java-core/3.5.3/docker-java-core-3.5.3.jar:/Users/karinailchenko/.m2/repository/com/github/docker-java/docker-java-api/3.5.3/docker-java-api-3.5.3.jar:/Users/karinailchenko/.m2/repository/com/fasterxml/jackson/core/jackson-annotations/2.18.4/jackson-annotations-2.18.4.jar:/Users/karinailchenko/.m2/repository/com/fasterxml/jackson/core/jackson-databind/2.18.4/jackson-databind-2.18.4.jar:/Users/karinailchenko/.m2/repository/com/fasterxml/jackson/core/jackson-core/2.18.4/jackson-core-2.18.4.jar:/Users/karinailchenko/.m2/repository/org/slf4j/jcl-over-slf4j/1.7.30/jcl-over-slf4j-1.7.30.jar:/Users/karinailchenko/.m2/repository/com/github/docker-java/docker-java-transport-httpclient5/3.5.3/docker-java-transport-httpclient5-3.5.3.jar:/Users/karinailchenko/.m2/repository/com/github/docker-java/docker-java-transport/3.5.3/docker-java-transport-3.5.3.jar:/Users/karinailchenko/.m2/repository/net/java/dev/jna/jna/5.17.0/jna-5.17.0.jar:/Users/karinailchenko/.m2/repository/org/brotli/dec/0.1.2/dec-0.1.2.jar:/Users/karinailchenko/.m2/repository/org/apache/commons/commons-lang3/3.18.0/commons-lang3-3.18.0.jar:/Users/karinailchenko/.m2/repository/org/apache/commons/commons-compress/1.27.1/commons-compress-1.27.1.jar:/Users/karinailchenko/.m2/repository/commons-codec/commons-codec/1.17.1/commons-codec-1.17.1.jar:/Users/karinailchenko/.m2/repository/commons-io/commons-io/2.16.1/commons-io-2.16.1.jar:/Users/karinailchenko/.m2/repository/org/apache/httpcomponents/client5/httpclient5/5.4.3/httpclient5-5.4.3.jar:/Users/karinailchenko/.m2/repository/org/apache/httpcomponents/core5/httpcore5/5.3.4/httpcore5-5.3.4.jar:/Users/karinailchenko/.m2/repository/org/apache/httpcomponents/core5/httpcore5-h2/5.3.4/httpcore5-h2-5.3.4.jar:/Users/karinailchenko/.m2/repository/net/java/dev/jna/jna-platform/5.17.0/jna-platform-5.17.0.jar:/Users/karinailchenko/.m2/repository/org/assertj/assertj-core/3.27.4/assertj-core-3.27.4.jar:/Users/karinailchenko/.m2/repository/net/bytebuddy/byte-buddy/1.15.11/byte-buddy-1.15.11.jar:/Users/karinailchenko/.m2/repository/ch/qos/logback/logback-classic/1.5.18/logback-classic-1.5.18.jar:/Users/karinailchenko/.m2/repository/ch/qos/logback/logback-core/1.5.18/logback-core-1.5.18.jar:"/>
    <property name="java.vm.vendor" value="Microsoft"/>
    <property name="sun.arch.data.model" value="64"/>
    <property name="java.vendor.url" value="https://www.microsoft.com"/>
    <property name="user.timezone" value="Europe/Kiev"/>
    <property name="os.name" value="Mac OS X"/>
    <property name="java.vm.specification.version" value="17"/>
    <property name="sun.java.launcher" value="SUN_STANDARD"/>
    <property name="user.country" value="UA"/>
    <property name="sun.boot.library.path" value="/Users/karinailchenko/Library/Java/JavaVirtualMachines/ms-17.0.15/Contents/Home/lib"/>
    <property name="sun.java.command" value="/Users/karinailchenko/QA/DemoqaPOM/target/surefire/surefirebooter-20250828104431622_3.jar /Users/karinailchenko/QA/DemoqaPOM/target/surefire 2025-08-28T10-44-31_524-jvmRun1 surefire-20250828104431622_1tmp surefire_0-20250828104431622_2tmp"/>
    <property name="http.nonProxyHosts" value="local|*.local|169.254/16|*.169.254/16"/>
    <property name="jdk.debug" value="release"/>
    <property name="surefire.test.class.path" value="/Users/karinailchenko/QA/DemoqaPOM/target/test-classes:/Users/karinailchenko/QA/DemoqaPOM/target/classes:/Users/karinailchenko/.m2/repository/org/seleniumhq/selenium/selenium-java/4.35.0/selenium-java-4.35.0.jar:/Users/karinailchenko/.m2/repository/org/seleniumhq/selenium/selenium-api/4.35.0/selenium-api-4.35.0.jar:/Users/karinailchenko/.m2/repository/org/jspecify/jspecify/1.0.0/jspecify-1.0.0.jar:/Users/karinailchenko/.m2/repository/org/seleniumhq/selenium/selenium-chrome-driver/4.35.0/selenium-chrome-driver-4.35.0.jar:/Users/karinailchenko/.m2/repository/com/google/auto/service/auto-service-annotations/1.1.1/auto-service-annotations-1.1.1.jar:/Users/karinailchenko/.m2/repository/org/seleniumhq/selenium/selenium-chromium-driver/4.35.0/selenium-chromium-driver-4.35.0.jar:/Users/karinailchenko/.m2/repository/org/seleniumhq/selenium/selenium-json/4.35.0/selenium-json-4.35.0.jar:/Users/karinailchenko/.m2/repository/org/seleniumhq/selenium/selenium-manager/4.35.0/selenium-manager-4.35.0.jar:/Users/karinailchenko/.m2/repository/org/seleniumhq/selenium/selenium-devtools-v137/4.35.0/selenium-devtools-v137-4.35.0.jar:/Users/karinailchenko/.m2/repository/org/seleniumhq/selenium/selenium-devtools-v138/4.35.0/selenium-devtools-v138-4.35.0.jar:/Users/karinailchenko/.m2/repository/org/seleniumhq/selenium/selenium-devtools-v139/4.35.0/selenium-devtools-v139-4.35.0.jar:/Users/karinailchenko/.m2/repository/org/seleniumhq/selenium/selenium-edge-driver/4.35.0/selenium-edge-driver-4.35.0.jar:/Users/karinailchenko/.m2/repository/org/seleniumhq/selenium/selenium-firefox-driver/4.35.0/selenium-firefox-driver-4.35.0.jar:/Users/karinailchenko/.m2/repository/org/seleniumhq/selenium/selenium-http/4.35.0/selenium-http-4.35.0.jar:/Users/karinailchenko/.m2/repository/org/seleniumhq/selenium/selenium-ie-driver/4.35.0/selenium-ie-driver-4.35.0.jar:/Users/karinailchenko/.m2/repository/org/seleniumhq/selenium/selenium-remote-driver/4.35.0/selenium-remote-driver-4.35.0.jar:/Users/karinailchenko/.m2/repository/com/google/guava/guava/33.4.8-jre/guava-33.4.8-jre.jar:/Users/karinailchenko/.m2/repository/com/google/guava/failureaccess/1.0.3/failureaccess-1.0.3.jar:/Users/karinailchenko/.m2/repository/com/google/guava/listenablefuture/9999.0-empty-to-avoid-conflict-with-guava/listenablefuture-9999.0-empty-to-avoid-conflict-with-guava.jar:/Users/karinailchenko/.m2/repository/com/google/j2objc/j2objc-annotations/3.0.0/j2objc-annotations-3.0.0.jar:/Users/karinailchenko/.m2/repository/io/opentelemetry/opentelemetry-api/1.53.0/opentelemetry-api-1.53.0.jar:/Users/karinailchenko/.m2/repository/io/opentelemetry/opentelemetry-context/1.53.0/opentelemetry-context-1.53.0.jar:/Users/karinailchenko/.m2/repository/io/opentelemetry/opentelemetry-common/1.53.0/opentelemetry-common-1.53.0.jar:/Users/karinailchenko/.m2/repository/io/opentelemetry/opentelemetry-exporter-logging/1.53.0/opentelemetry-exporter-logging-1.53.0.jar:/Users/karinailchenko/.m2/repository/io/opentelemetry/opentelemetry-sdk-common/1.53.0/opentelemetry-sdk-common-1.53.0.jar:/Users/karinailchenko/.m2/repository/io/opentelemetry/opentelemetry-sdk-extension-autoconfigure-spi/1.53.0/opentelemetry-sdk-extension-autoconfigure-spi-1.53.0.jar:/Users/karinailchenko/.m2/repository/io/opentelemetry/opentelemetry-sdk-extension-autoconfigure/1.53.0/opentelemetry-sdk-extension-autoconfigure-1.53.0.jar:/Users/karinailchenko/.m2/repository/io/opentelemetry/opentelemetry-sdk-trace/1.53.0/opentelemetry-sdk-trace-1.53.0.jar:/Users/karinailchenko/.m2/repository/io/opentelemetry/opentelemetry-sdk/1.53.0/opentelemetry-sdk-1.53.0.jar:/Users/karinailchenko/.m2/repository/io/opentelemetry/opentelemetry-sdk-metrics/1.53.0/opentelemetry-sdk-metrics-1.53.0.jar:/Users/karinailchenko/.m2/repository/io/opentelemetry/opentelemetry-sdk-logs/1.53.0/opentelemetry-sdk-logs-1.53.0.jar:/Users/karinailchenko/.m2/repository/org/seleniumhq/selenium/selenium-os/4.35.0/selenium-os-4.35.0.jar:/Users/karinailchenko/.m2/repository/org/apache/commons/commons-exec/1.5.0/commons-exec-1.5.0.jar:/Users/karinailchenko/.m2/repository/org/seleniumhq/selenium/selenium-safari-driver/4.35.0/selenium-safari-driver-4.35.0.jar:/Users/karinailchenko/.m2/repository/org/seleniumhq/selenium/selenium-support/4.35.0/selenium-support-4.35.0.jar:/Users/karinailchenko/.m2/repository/org/junit/jupiter/junit-jupiter/5.13.4/junit-jupiter-5.13.4.jar:/Users/karinailchenko/.m2/repository/org/junit/jupiter/junit-jupiter-api/5.13.4/junit-jupiter-api-5.13.4.jar:/Users/karinailchenko/.m2/repository/org/opentest4j/opentest4j/1.3.0/opentest4j-1.3.0.jar:/Users/karinailchenko/.m2/repository/org/junit/platform/junit-platform-commons/1.13.4/junit-platform-commons-1.13.4.jar:/Users/karinailchenko/.m2/repository/org/apiguardian/apiguardian-api/1.1.2/apiguardian-api-1.1.2.jar:/Users/karinailchenko/.m2/repository/org/junit/jupiter/junit-jupiter-params/5.13.4/junit-jupiter-params-5.13.4.jar:/Users/karinailchenko/.m2/repository/org/junit/jupiter/junit-jupiter-engine/5.13.4/junit-jupiter-engine-5.13.4.jar:/Users/karinailchenko/.m2/repository/org/junit/platform/junit-platform-engine/1.13.4/junit-platform-engine-1.13.4.jar:/Users/karinailchenko/.m2/repository/io/github/bonigarcia/webdrivermanager/6.2.0/webdrivermanager-6.2.0.jar:/Users/karinailchenko/.m2/repository/org/slf4j/slf4j-api/2.0.17/slf4j-api-2.0.17.jar:/Users/karinailchenko/.m2/repository/com/google/code/gson/gson/2.13.1/gson-2.13.1.jar:/Users/karinailchenko/.m2/repository/com/google/errorprone/error_prone_annotations/2.38.0/error_prone_annotations-2.38.0.jar:/Users/karinailchenko/.m2/repository/com/github/docker-java/docker-java/3.5.3/docker-java-3.5.3.jar:/Users/karinailchenko/.m2/repository/com/github/docker-java/docker-java-core/3.5.3/docker-java-core-3.5.3.jar:/Users/karinailchenko/.m2/repository/com/github/docker-java/docker-java-api/3.5.3/docker-java-api-3.5.3.jar:/Users/karinailchenko/.m2/repository/com/fasterxml/jackson/core/jackson-annotations/2.18.4/jackson-annotations-2.18.4.jar:/Users/karinailchenko/.m2/repository/com/fasterxml/jackson/core/jackson-databind/2.18.4/jackson-databind-2.18.4.jar:/Users/karinailchenko/.m2/repository/com/fasterxml/jackson/core/jackson-core/2.18.4/jackson-core-2.18.4.jar:/Users/karinailchenko/.m2/repository/org/slf4j/jcl-over-slf4j/1.7.30/jcl-over-slf4j-1.7.30.jar:/Users/karinailchenko/.m2/repository/com/github/docker-java/docker-java-transport-httpclient5/3.5.3/docker-java-transport-httpclient5-3.5.3.jar:/Users/karinailchenko/.m2/repository/com/github/docker-java/docker-java-transport/3.5.3/docker-java-transport-3.5.3.jar:/Users/karinailchenko/.m2/repository/net/java/dev/jna/jna/5.17.0/jna-5.17.0.jar:/Users/karinailchenko/.m2/repository/org/brotli/dec/0.1.2/dec-0.1.2.jar:/Users/karinailchenko/.m2/repository/org/apache/commons/commons-lang3/3.18.0/commons-lang3-3.18.0.jar:/Users/karinailchenko/.m2/repository/org/apache/commons/commons-compress/1.27.1/commons-compress-1.27.1.jar:/Users/karinailchenko/.m2/repository/commons-codec/commons-codec/1.17.1/commons-codec-1.17.1.jar:/Users/karinailchenko/.m2/repository/commons-io/commons-io/2.16.1/commons-io-2.16.1.jar:/Users/karinailchenko/.m2/repository/org/apache/httpcomponents/client5/httpclient5/5.4.3/httpclient5-5.4.3.jar:/Users/karinailchenko/.m2/repository/org/apache/httpcomponents/core5/httpcore5/5.3.4/httpcore5-5.3.4.jar:/Users/karinailchenko/.m2/repository/org/apache/httpcomponents/core5/httpcore5-h2/5.3.4/httpcore5-h2-5.3.4.jar:/Users/karinailchenko/.m2/repository/net/java/dev/jna/jna-platform/5.17.0/jna-platform-5.17.0.jar:/Users/karinailchenko/.m2/repository/org/assertj/assertj-core/3.27.4/assertj-core-3.27.4.jar:/Users/karinailchenko/.m2/repository/net/bytebuddy/byte-buddy/1.15.11/byte-buddy-1.15.11.jar:/Users/karinailchenko/.m2/repository/ch/qos/logback/logback-classic/1.5.18/logback-classic-1.5.18.jar:/Users/karinailchenko/.m2/repository/ch/qos/logback/logback-core/1.5.18/logback-core-1.5.18.jar:"/>
    <property name="sun.cpu.endian" value="little"/>
    <property name="user.home" value="/Users/karinailchenko"/>
    <property name="user.language" value="uk"/>
    <property name="java.specification.vendor" value="Oracle Corporation"/>
    <property name="java.version.date" value="2025-04-15"/>
    <property name="java.home" value="/Users/karinailchenko/Library/Java/JavaVirtualMachines/ms-17.0.15/Contents/Home"/>
    <property name="file.separator" value="/"/>
    <property name="basedir" value="/Users/karinailchenko/QA/DemoqaPOM"/>
    <property name="java.vm.compressedOopsMode" value="Zero based"/>
    <property name="line.separator" value="&#10;"/>
    <property name="java.vm.specification.vendor" value="Oracle Corporation"/>
    <property name="java.specification.name" value="Java Platform API Specification"/>
    <property name="surefire.real.class.path" value="/Users/karinailchenko/QA/DemoqaPOM/target/surefire/surefirebooter-20250828104431622_3.jar"/>
    <property name="sun.management.compiler" value="HotSpot 64-Bit Tiered Compilers"/>
    <property name="ftp.nonProxyHosts" value="local|*.local|169.254/16|*.169.254/16"/>
    <property name="java.runtime.version" value="17.0.15+6-LTS"/>
    <property name="user.name" value="karinailchenko"/>
    <property name="path.separator" value=":"/>
    <property name="os.version" value="14.6.1"/>
    <property name="java.runtime.name" value="OpenJDK Runtime Environment"/>
    <property name="file.encoding" value="UTF-8"/>
    <property name="java.vm.name" value="OpenJDK 64-Bit Server VM"/>
    <property name="java.vendor.version" value="Microsoft-11369864"/>
    <property name="localRepository" value="/Users/karinailchenko/.m2/repository"/>
    <property name="java.vendor.url.bug" value="https://github.com/microsoft/openjdk/issues"/>
    <property name="java.io.tmpdir" value="/var/folders/6p/4qc2l9r54xb9zfx_8zxxzzvm0000gn/T/"/>
    <property name="java.version" value="17.0.15"/>
    <property name="user.dir" value="/Users/karinailchenko/QA/DemoqaPOM"/>
    <property name="os.arch" value="aarch64"/>
    <property name="groups" value="demo"/>
    <property name="webdriver.gecko.driver" value="/Users/karinailchenko/.cache/selenium/geckodriver/mac-arm64/0.36.0/geckodriver"/>
    <property name="java.vm.specification.name" value="Java Virtual Machine Specification"/>
    <property name="native.encoding" value="UTF-8"/>
    <property name="java.library.path" value="/Users/karinailchenko/Library/Java/Extensions:/Library/Java/Extensions:/Network/Library/Java/Extensions:/System/Library/Java/Extensions:/usr/lib/java:."/>
    <property name="java.vm.info" value="mixed mode, sharing"/>
    <property name="java.vendor" value="Microsoft"/>
    <property name="java.vm.version" value="17.0.15+6-LTS"/>
    <property name="java.specification.maintenance.version" value="1"/>
    <property name="sun.io.unicode.encoding" value="UnicodeBig"/>
    <property name="socksNonProxyHosts" value="local|*.local|169.254/16|*.169.254/16"/>
    <property name="java.class.version" value="61.0"/>
  </properties>
  <testcase name="loginPositiveTest" classname="home.demoqa.tests.BookStoreTests" time="9.042">
    <system-out><![CDATA[10:44:44.707 [main] INFO  i.g.bonigarcia.wdm.WebDriverManager -- Using chromedriver 139.0.7258.154 (resolved driver for Chrome 139)
10:44:44.734 [main] INFO  i.g.bonigarcia.wdm.WebDriverManager -- Exporting webdriver.chrome.driver as /Users/karinailchenko/.cache/selenium/chromedriver/mac-arm64/139.0.7258.154/chromedriver
10:44:44.745 [main] WARN  i.g.b.w.managers.SafariDriverManager -- There is no need to manage the driver for the Safari browser (i.e., safaridriver) since it is built-in in Mac OS
10:44:44.996 [main] INFO  i.g.bonigarcia.wdm.WebDriverManager -- Reading https://raw.githubusercontent.com/bonigarcia/webdrivermanager/master/docs/mirror/geckodriver to seek geckodriver
10:44:45.111 [main] INFO  i.g.bonigarcia.wdm.WebDriverManager -- Exporting webdriver.gecko.driver as /Users/karinailchenko/.cache/selenium/geckodriver/mac-arm64/0.36.0/geckodriver
10:44:46.379 [main] INFO  com.demoqa.utils.MyListener -- We will open web site https://demoqa.com
10:44:49.409 [main] INFO  home.demoqa.core.TestBase -- Start testloginPositiveTest()
10:44:49.441 [main] INFO  com.demoqa.utils.MyListener -- Element with locator By.cssSelector: .card:nth-child(6) found
10:44:49.531 [main] INFO  com.demoqa.utils.MyListener -- We clicked on [[ChromeDriver: chrome on mac (04f48e4d70d3bf4b5bf8afb7aae77398)] -> css selector: .card:nth-child(6)]
10:44:49.550 [main] INFO  com.demoqa.utils.MyListener -- Element with locator By.xpath: //span[.='Login'] found
10:44:49.657 [main] INFO  com.demoqa.utils.MyListener -- We clicked on [[ChromeDriver: chrome on mac (04f48e4d70d3bf4b5bf8afb7aae77398)] -> xpath: //span[.='Login']]
10:44:49.676 [main] INFO  com.demoqa.utils.MyListener -- Element with locator By.id: userName found
10:44:50.098 [main] INFO  com.demoqa.utils.MyListener -- We clicked on [[ChromeDriver: chrome on mac (04f48e4d70d3bf4b5bf8afb7aae77398)] -> id: userName]
10:44:50.113 [main] INFO  com.demoqa.utils.MyListener -- Element with locator By.id: userName found
10:44:50.162 [main] INFO  com.demoqa.utils.MyListener -- Element with locator By.id: userName found
10:44:50.890 [main] INFO  com.demoqa.utils.MyListener -- We enter to [[ChromeDriver: chrome on mac (04f48e4d70d3bf4b5bf8afb7aae77398)] -> id: userName]
10:44:50.917 [main] INFO  com.demoqa.utils.MyListener -- Element with locator By.id: password found
10:44:51.049 [main] INFO  com.demoqa.utils.MyListener -- We clicked on [[ChromeDriver: chrome on mac (04f48e4d70d3bf4b5bf8afb7aae77398)] -> id: password]
10:44:51.084 [main] INFO  com.demoqa.utils.MyListener -- Element with locator By.id: password found
10:44:51.151 [main] INFO  com.demoqa.utils.MyListener -- Element with locator By.id: password found
10:44:51.220 [main] INFO  com.demoqa.utils.MyListener -- We enter to [[ChromeDriver: chrome on mac (04f48e4d70d3bf4b5bf8afb7aae77398)] -> id: password]
10:44:51.264 [main] INFO  com.demoqa.utils.MyListener -- Element with locator By.id: login found
10:44:51.351 [main] INFO  com.demoqa.utils.MyListener -- We clicked on [[ChromeDriver: chrome on mac (04f48e4d70d3bf4b5bf8afb7aae77398)] -> id: login]
10:44:53.219 [main] INFO  com.demoqa.utils.MyListener -- Element with locator By.id: userName-value found
10:44:53.700 [main] INFO  home.demoqa.core.TestBase -- Stop test
10:44:53.701 [main] INFO  home.demoqa.core.TestBase -- ************
10:44:53.702 [main] INFO  com.demoqa.utils.MyTestWatcher -- The methodloginPositiveTest() is PASSED
]]></system-out>
  </testcase>
</testsuite>